<?xml version="1.0" encoding="UTF-8"?>
<!-- Generated by org.testng.reporters.JUnitReportReporter -->
<testsuite hostname="ITCTOR-195" name="com.itcsystems.www.TestApplication" tests="2" failures="0" timestamp="29 May 2019 20:10:02 GMT" time="7.453" errors="0">
  <testcase name="validateLoginPage" time="1.648" classname="com.itcsystems.www.TestApplication"/>
  <testcase name="purchaseParkingPlan" time="5.805" classname="com.itcsystems.www.TestApplication"/>
</testsuite> <!-- com.itcsystems.www.TestApplication -->
